Testing gcc-4_2-ld-Polynomial-method-0                     1.220e-07
Testing gcc-4_2-ld-Polynomial-method-1                     1.269e-07
Testing gcc-4_2-ld-Polynomial-method-2                     9.275e-08
Testing gcc-4_2-ld-Polynomial-method-3                     7.566e-08
Testing gcc-4_2-ld-Polynomial-mixed-method-0               4.590e-07
Testing gcc-4_2-ld-Polynomial-mixed-method-1               1.269e-07
Testing gcc-4_2-ld-Polynomial-mixed-method-2               9.275e-08
Testing gcc-4_2-ld-Polynomial-mixed-method-3               7.566e-08
Testing gcc-4_2-ld-Rational-method-0                       1.660e-07
Testing gcc-4_2-ld-Rational-method-1                       1.758e-07
Testing gcc-4_2-ld-Rational-method-2                       1.318e-07
Testing gcc-4_2-ld-Rational-method-3                       1.513e-07
Testing gcc-4_2-ld-Rational-mixed-method-0                 5.273e-07
Testing gcc-4_2-ld-Rational-mixed-method-1                 1.758e-07
Testing gcc-4_2-ld-Rational-mixed-method-2                 1.318e-07
Testing gcc-4_2-ld-Rational-mixed-method-3                 1.513e-07
Testing gcc-4_2-ld-dist-beta-R-cdf                         2.050e-06
Testing gcc-4_2-ld-dist-beta-R-pdf                         1.458e-06
Testing gcc-4_2-ld-dist-beta-R-quantile                    5.715e-04
Testing gcc-4_2-ld-dist-beta-cdf                           4.556e-06
Testing gcc-4_2-ld-dist-beta-pdf                           2.916e-06
Testing gcc-4_2-ld-dist-beta-quantile                      1.658e-05
Testing gcc-4_2-ld-dist-binom-R-cdf                        1.104e-06
Testing gcc-4_2-ld-dist-binom-R-pdf                        7.561e-07
Testing gcc-4_2-ld-dist-binom-R-quantile                   5.194e-06
Testing gcc-4_2-ld-dist-binomial-cdf                       1.512e-06
Testing gcc-4_2-ld-dist-binomial-pdf                       2.345e-06
Testing gcc-4_2-ld-dist-binomial-quantile                  8.814e-06
Testing gcc-4_2-ld-dist-cauchy-R-cdf                       2.017e-07
Testing gcc-4_2-ld-dist-cauchy-R-pdf                       5.748e-08
Testing gcc-4_2-ld-dist-cauchy-R-quantile                  1.752e-07
Testing gcc-4_2-ld-dist-cauchy-cdf                         1.352e-07
Testing gcc-4_2-ld-dist-cauchy-pdf                         3.125e-08
Testing gcc-4_2-ld-dist-cauchy-quantile                    1.542e-07
Testing gcc-4_2-ld-dist-chi_squared-cdf                    2.175e-06
Testing gcc-4_2-ld-dist-chi_squared-pdf                    2.175e-06
Testing gcc-4_2-ld-dist-chi_squared-quantile               1.159e-05
Testing gcc-4_2-ld-dist-chisq-R-cdf                        1.753e-06
Testing gcc-4_2-ld-dist-chisq-R-pdf                        5.657e-07
Testing gcc-4_2-ld-dist-chisq-R-quantile                   6.728e-06
Testing gcc-4_2-ld-dist-exp-R-cdf                          2.561e-07
Testing gcc-4_2-ld-dist-exp-R-pdf                          2.439e-07
Testing gcc-4_2-ld-dist-exp-R-quantile                     1.139e-07
Testing gcc-4_2-ld-dist-exponential-cdf                    2.195e-07
Testing gcc-4_2-ld-dist-exponential-pdf                    2.164e-07
Testing gcc-4_2-ld-dist-exponential-quantile               1.123e-07
Testing gcc-4_2-ld-dist-f-R-cdf                            2.938e-06
Testing gcc-4_2-ld-dist-f-R-pdf                            1.114e-06
Testing gcc-4_2-ld-dist-f-R-quantile                       1.359e-05
Testing gcc-4_2-ld-dist-fisher_f-cdf                       3.422e-06
Testing gcc-4_2-ld-dist-fisher_f-pdf                       2.357e-06
Testing gcc-4_2-ld-dist-fisher_f-quantile                  2.175e-05
Testing gcc-4_2-ld-dist-gamma-R-cdf                        1.992e-06
Testing gcc-4_2-ld-dist-gamma-R-pdf                        7.812e-07
Testing gcc-4_2-ld-dist-gamma-R-quantile                   5.757e-06
Testing gcc-4_2-ld-dist-gamma-cdf                          3.086e-06
Testing gcc-4_2-ld-dist-gamma-pdf                          2.305e-06
Testing gcc-4_2-ld-dist-gamma-quantile                     1.266e-05
Testing gcc-4_2-ld-dist-lnorm-R-cdf                        3.515e-07
Testing gcc-4_2-ld-dist-lnorm-R-pdf                        4.052e-07
Testing gcc-4_2-ld-dist-lnorm-R-quantile                   7.607e-07
Testing gcc-4_2-ld-dist-lognormal-cdf                      2.075e-07
Testing gcc-4_2-ld-dist-lognormal-pdf                      3.857e-07
Testing gcc-4_2-ld-dist-lognormal-quantile                 7.710e-07
Testing gcc-4_2-ld-dist-nbinom-R-cdf                       2.141e-06
Testing gcc-4_2-ld-dist-nbinom-R-pdf                       1.376e-06
Testing gcc-4_2-ld-dist-nbinom-R-quantile                  5.515e-04
Testing gcc-4_2-ld-dist-negative_binomial-cdf              2.583e-06
Testing gcc-4_2-ld-dist-negative_binomial-pdf              3.398e-06
Testing gcc-4_2-ld-dist-negative_binomial-quantile         2.329e-05
Testing gcc-4_2-ld-dist-norm-R-cdf                         1.782e-07
Testing gcc-4_2-ld-dist-norm-R-pdf                         3.027e-07
Testing gcc-4_2-ld-dist-norm-R-quantile                    1.722e-07
Testing gcc-4_2-ld-dist-normal-cdf                         9.885e-08
Testing gcc-4_2-ld-dist-normal-pdf                         2.490e-07
Testing gcc-4_2-ld-dist-normal-quantile                    2.081e-07
Testing gcc-4_2-ld-dist-pois-R-cdf                         1.775e-06
Testing gcc-4_2-ld-dist-pois-R-pdf                         6.656e-07
Testing gcc-4_2-ld-dist-pois-R-quantile                    3.752e-06
Testing gcc-4_2-ld-dist-poisson-cdf                        2.308e-06
Testing gcc-4_2-ld-dist-poisson-pdf                        1.908e-06
Testing gcc-4_2-ld-dist-poisson-quantile                   5.345e-06
Testing gcc-4_2-ld-dist-students_t-cdf                     3.151e-06
Testing gcc-4_2-ld-dist-students_t-pdf                     3.196e-06
Testing gcc-4_2-ld-dist-students_t-quantile                5.233e-06
Testing gcc-4_2-ld-dist-t-R-cdf                            1.598e-06
Testing gcc-4_2-ld-dist-t-R-pdf                            6.434e-07
Testing gcc-4_2-ld-dist-t-R-quantile                       2.990e-06
Testing gcc-4_2-ld-dist-weibull-R-cdf                      7.031e-07
Testing gcc-4_2-ld-dist-weibull-R-pdf                      1.035e-06
Testing gcc-4_2-ld-dist-weibull-R-quantile                 7.710e-07
Testing gcc-4_2-ld-dist-weibull-cdf                        6.543e-07
Testing gcc-4_2-ld-dist-weibull-pdf                        1.484e-06
Testing gcc-4_2-ld-dist-weibull-quantile                   7.504e-07
Testing gcc-4_2-ld-erf                                     1.387e-07
Testing gcc-4_2-ld-erf_inv                                 4.009e-07
Testing gcc-4_2-ld-gamma                                   1.489e-06
Testing gcc-4_2-ld-ibeta                                   5.354e-06
Testing gcc-4_2-ld-ibeta_inv                               2.220e-05
Testing gcc-4_2-ld-ibeta_invab                             7.009e-05
Testing gcc-4_2-ld-igamma                                  3.116e-06
Testing gcc-4_2-ld-igamma_inv                              1.178e-05
Testing gcc-4_2-ld-igamma_inva                             2.765e-05
Testing gcc-4_2-ld-lgamma                                  1.562e-06

