Testing gcc-4_2-Polynomial-method-0                     1.220e-07
Testing gcc-4_2-Polynomial-method-1                     1.269e-07
Testing gcc-4_2-Polynomial-method-2                     9.275e-08
Testing gcc-4_2-Polynomial-method-3                     7.566e-08
Testing gcc-4_2-Polynomial-mixed-method-0               4.590e-07
Testing gcc-4_2-Polynomial-mixed-method-1               1.269e-07
Testing gcc-4_2-Polynomial-mixed-method-2               9.275e-08
Testing gcc-4_2-Polynomial-mixed-method-3               7.566e-08
Testing gcc-4_2-Rational-method-0                       1.660e-07
Testing gcc-4_2-Rational-method-1                       1.758e-07
Testing gcc-4_2-Rational-method-2                       1.318e-07
Testing gcc-4_2-Rational-method-3                       1.489e-07
Testing gcc-4_2-Rational-mixed-method-0                 5.273e-07
Testing gcc-4_2-Rational-mixed-method-1                 1.758e-07
Testing gcc-4_2-Rational-mixed-method-2                 1.318e-07
Testing gcc-4_2-Rational-mixed-method-3                 1.513e-07
Testing gcc-4_2-dist-beta-R-cdf                         2.050e-06
Testing gcc-4_2-dist-beta-R-pdf                         1.458e-06
Testing gcc-4_2-dist-beta-R-quantile                    5.701e-04
Testing gcc-4_2-dist-beta-cdf                           3.508e-06
Testing gcc-4_2-dist-beta-pdf                           2.551e-06
Testing gcc-4_2-dist-beta-quantile                      1.294e-05
Testing gcc-4_2-dist-binom-R-cdf                        1.104e-06
Testing gcc-4_2-dist-binom-R-pdf                        7.561e-07
Testing gcc-4_2-dist-binom-R-quantile                   5.194e-06
Testing gcc-4_2-dist-binomial-cdf                       1.342e-06
Testing gcc-4_2-dist-binomial-pdf                       2.073e-06
Testing gcc-4_2-dist-binomial-quantile                  7.083e-06
Testing gcc-4_2-dist-cauchy-R-cdf                       2.017e-07
Testing gcc-4_2-dist-cauchy-R-pdf                       5.849e-08
Testing gcc-4_2-dist-cauchy-R-quantile                  1.752e-07
Testing gcc-4_2-dist-cauchy-cdf                         1.372e-07
Testing gcc-4_2-dist-cauchy-pdf                         3.125e-08
Testing gcc-4_2-dist-cauchy-quantile                    1.542e-07
Testing gcc-4_2-dist-chi_squared-cdf                    1.820e-06
Testing gcc-4_2-dist-chi_squared-pdf                    1.731e-06
Testing gcc-4_2-dist-chi_squared-quantile               9.345e-06
Testing gcc-4_2-dist-chisq-R-cdf                        1.753e-06
Testing gcc-4_2-dist-chisq-R-pdf                        5.768e-07
Testing gcc-4_2-dist-chisq-R-quantile                   6.728e-06
Testing gcc-4_2-dist-exp-R-cdf                          2.561e-07
Testing gcc-4_2-dist-exp-R-pdf                          2.439e-07
Testing gcc-4_2-dist-exp-R-quantile                     1.155e-07
Testing gcc-4_2-dist-exponential-cdf                    2.195e-07
Testing gcc-4_2-dist-exponential-pdf                    2.164e-07
Testing gcc-4_2-dist-exponential-quantile               1.123e-07
Testing gcc-4_2-dist-f-R-cdf                            2.970e-06
Testing gcc-4_2-dist-f-R-pdf                            1.114e-06
Testing gcc-4_2-dist-f-R-quantile                       1.359e-05
Testing gcc-4_2-dist-fisher_f-cdf                       2.744e-06
Testing gcc-4_2-dist-fisher_f-pdf                       1.969e-06
Testing gcc-4_2-dist-fisher_f-quantile                  1.550e-05
Testing gcc-4_2-dist-gamma-R-cdf                        1.992e-06
Testing gcc-4_2-dist-gamma-R-pdf                        7.812e-07
Testing gcc-4_2-dist-gamma-R-quantile                   5.757e-06
Testing gcc-4_2-dist-gamma-cdf                          2.578e-06
Testing gcc-4_2-dist-gamma-pdf                          1.934e-06
Testing gcc-4_2-dist-gamma-quantile                     1.020e-05
Testing gcc-4_2-dist-lnorm-R-cdf                        3.564e-07
Testing gcc-4_2-dist-lnorm-R-pdf                        4.052e-07
Testing gcc-4_2-dist-lnorm-R-quantile                   7.607e-07
Testing gcc-4_2-dist-lognormal-cdf                      1.782e-07
Testing gcc-4_2-dist-lognormal-pdf                      3.857e-07
Testing gcc-4_2-dist-lognormal-quantile                 7.093e-07
Testing gcc-4_2-dist-nbinom-R-cdf                       2.141e-06
Testing gcc-4_2-dist-nbinom-R-pdf                       1.376e-06
Testing gcc-4_2-dist-nbinom-R-quantile                  5.490e-04
Testing gcc-4_2-dist-negative_binomial-cdf              2.209e-06
Testing gcc-4_2-dist-negative_binomial-pdf              2.956e-06
Testing gcc-4_2-dist-negative_binomial-quantile         1.826e-05
Testing gcc-4_2-dist-norm-R-cdf                         1.782e-07
Testing gcc-4_2-dist-norm-R-pdf                         3.027e-07
Testing gcc-4_2-dist-norm-R-quantile                    1.722e-07
Testing gcc-4_2-dist-normal-cdf                         8.542e-08
Testing gcc-4_2-dist-normal-pdf                         2.539e-07
Testing gcc-4_2-dist-normal-quantile                    1.362e-07
Testing gcc-4_2-dist-pois-R-cdf                         1.775e-06
Testing gcc-4_2-dist-pois-R-pdf                         6.545e-07
Testing gcc-4_2-dist-pois-R-quantile                    3.752e-06
Testing gcc-4_2-dist-poisson-cdf                        1.953e-06
Testing gcc-4_2-dist-poisson-pdf                        1.864e-06
Testing gcc-4_2-dist-poisson-quantile                   4.214e-06
Testing gcc-4_2-dist-students_t-cdf                     2.441e-06
Testing gcc-4_2-dist-students_t-pdf                     2.885e-06
Testing gcc-4_2-dist-students_t-quantile                3.972e-06
Testing gcc-4_2-dist-t-R-cdf                            1.576e-06
Testing gcc-4_2-dist-t-R-pdf                            6.545e-07
Testing gcc-4_2-dist-t-R-quantile                       2.990e-06
Testing gcc-4_2-dist-weibull-R-cdf                      7.031e-07
Testing gcc-4_2-dist-weibull-R-pdf                      1.016e-06
Testing gcc-4_2-dist-weibull-R-quantile                 7.710e-07
Testing gcc-4_2-dist-weibull-cdf                        6.640e-07
Testing gcc-4_2-dist-weibull-pdf                        1.484e-06
Testing gcc-4_2-dist-weibull-quantile                   7.504e-07
Testing gcc-4_2-erf                                     9.377e-08
Testing gcc-4_2-erf_inv                                 3.598e-07
Testing gcc-4_2-gamma                                   1.294e-06
Testing gcc-4_2-ibeta                                   4.137e-06
Testing gcc-4_2-ibeta_inv                               1.538e-05
Testing gcc-4_2-ibeta_invab                             5.607e-05
Testing gcc-4_2-igamma                                  2.464e-06
Testing gcc-4_2-igamma_inv                              9.291e-06
Testing gcc-4_2-igamma_inva                             2.311e-05
Testing gcc-4_2-lgamma                                  1.343e-06

