Testing intel-linux-Polynomial-method-0                     9.154e-08
Testing intel-linux-Polynomial-method-1                     9.154e-08
Testing intel-linux-Polynomial-method-2                     7.934e-08
Testing intel-linux-Polynomial-method-3                     7.934e-08
Testing intel-linux-Polynomial-mixed-method-0               9.154e-08
Testing intel-linux-Polynomial-mixed-method-1               9.154e-08
Testing intel-linux-Polynomial-mixed-method-2               7.934e-08
Testing intel-linux-Polynomial-mixed-method-3               7.934e-08
Testing intel-linux-Rational-method-0                       1.245e-07
Testing intel-linux-Rational-method-1                       1.245e-07
Testing intel-linux-Rational-method-2                       1.684e-07
Testing intel-linux-Rational-method-3                       1.294e-07
Testing intel-linux-Rational-mixed-method-0                 1.245e-07
Testing intel-linux-Rational-mixed-method-1                 1.245e-07
Testing intel-linux-Rational-mixed-method-2                 1.684e-07
Testing intel-linux-Rational-mixed-method-3                 1.294e-07
Testing intel-linux-dist-beta-R-cdf                         1.709e-06
Testing intel-linux-dist-beta-R-pdf                         1.276e-06
Testing intel-linux-dist-beta-R-quantile                    4.243e-04
Testing intel-linux-dist-beta-cdf                           3.371e-06
Testing intel-linux-dist-beta-pdf                           2.460e-06
Testing intel-linux-dist-beta-quantile                      1.203e-05
Testing intel-linux-dist-binom-R-cdf                        8.835e-07
Testing intel-linux-dist-binom-R-pdf                        5.692e-07
Testing intel-linux-dist-binom-R-quantile                   4.486e-06
Testing intel-linux-dist-binomial-cdf                       1.308e-06
Testing intel-linux-dist-binomial-pdf                       2.073e-06
Testing intel-linux-dist-binomial-quantile                  6.532e-06
Testing intel-linux-dist-cauchy-R-cdf                       1.291e-07
Testing intel-linux-dist-cauchy-R-pdf                       5.548e-08
Testing intel-linux-dist-cauchy-R-quantile                  1.145e-07
Testing intel-linux-dist-cauchy-cdf                         8.171e-08
Testing intel-linux-dist-cauchy-pdf                         3.278e-08
Testing intel-linux-dist-cauchy-quantile                    1.098e-07
Testing intel-linux-dist-chi_squared-cdf                    1.842e-06
Testing intel-linux-dist-chi_squared-pdf                    1.864e-06
Testing intel-linux-dist-chi_squared-quantile               9.532e-06
Testing intel-linux-dist-chisq-R-cdf                        1.398e-06
Testing intel-linux-dist-chisq-R-pdf                        3.550e-07
Testing intel-linux-dist-chisq-R-quantile                   5.794e-06
Testing intel-linux-dist-exp-R-cdf                          8.077e-08
Testing intel-linux-dist-exp-R-pdf                          1.113e-07
Testing intel-linux-dist-exp-R-quantile                     8.026e-08
Testing intel-linux-dist-exponential-cdf                    4.568e-08
Testing intel-linux-dist-exponential-pdf                    7.161e-08
Testing intel-linux-dist-exponential-quantile               9.311e-08
Testing intel-linux-dist-f-R-cdf                            2.486e-06
Testing intel-linux-dist-f-R-pdf                            8.394e-07
Testing intel-linux-dist-f-R-quantile                       1.115e-05
Testing intel-linux-dist-fisher_f-cdf                       2.615e-06
Testing intel-linux-dist-fisher_f-pdf                       2.002e-06
Testing intel-linux-dist-fisher_f-quantile                  1.468e-05
Testing intel-linux-dist-gamma-R-cdf                        1.562e-06
Testing intel-linux-dist-gamma-R-pdf                        4.980e-07
Testing intel-linux-dist-gamma-R-quantile                   4.852e-06
Testing intel-linux-dist-gamma-cdf                          2.461e-06
Testing intel-linux-dist-gamma-pdf                          1.953e-06
Testing intel-linux-dist-gamma-quantile                     1.036e-05
Testing intel-linux-dist-lnorm-R-cdf                        2.685e-07
Testing intel-linux-dist-lnorm-R-pdf                        1.782e-07
Testing intel-linux-dist-lnorm-R-quantile                   5.551e-07
Testing intel-linux-dist-lognormal-cdf                      1.147e-07
Testing intel-linux-dist-lognormal-pdf                      1.489e-07
Testing intel-linux-dist-lognormal-quantile                 5.140e-07
Testing intel-linux-dist-nbinom-R-cdf                       1.699e-06
Testing intel-linux-dist-nbinom-R-pdf                       1.036e-06
Testing intel-linux-dist-nbinom-R-quantile                  4.734e-04
Testing intel-linux-dist-negative_binomial-cdf              2.107e-06
Testing intel-linux-dist-negative_binomial-pdf              3.058e-06
Testing intel-linux-dist-negative_binomial-quantile         1.700e-05
Testing intel-linux-dist-norm-R-cdf                         1.538e-07
Testing intel-linux-dist-norm-R-pdf                         1.172e-07
Testing intel-linux-dist-norm-R-quantile                    1.490e-07
Testing intel-linux-dist-normal-cdf                         5.736e-08
Testing intel-linux-dist-normal-pdf                         5.919e-08
Testing intel-linux-dist-normal-quantile                    1.066e-07
Testing intel-linux-dist-pois-R-cdf                         1.443e-06
Testing intel-linux-dist-pois-R-pdf                         4.549e-07
Testing intel-linux-dist-pois-R-quantile                    3.289e-06
Testing intel-linux-dist-poisson-cdf                        1.953e-06
Testing intel-linux-dist-poisson-pdf                        2.020e-06
Testing intel-linux-dist-poisson-quantile                   4.317e-06
Testing intel-linux-dist-students_t-cdf                     2.486e-06
Testing intel-linux-dist-students_t-pdf                     3.152e-06
Testing intel-linux-dist-students_t-quantile                3.037e-06
Testing intel-linux-dist-t-R-cdf                            1.198e-06
Testing intel-linux-dist-t-R-pdf                            4.993e-07
Testing intel-linux-dist-t-R-quantile                       2.313e-06
Testing intel-linux-dist-weibull-R-cdf                      1.733e-07
Testing intel-linux-dist-weibull-R-pdf                      5.371e-07
Testing intel-linux-dist-weibull-R-quantile                 5.243e-07
Testing intel-linux-dist-weibull-cdf                        1.611e-07
Testing intel-linux-dist-weibull-pdf                        4.736e-07
Testing intel-linux-dist-weibull-quantile                   5.243e-07
Testing intel-linux-erf                                     5.396e-08
Testing intel-linux-erf_inv                                 3.392e-07
Testing intel-linux-gamma                                   1.392e-06
Testing intel-linux-ibeta                                   3.602e-06
Testing intel-linux-ibeta_inv                               1.382e-05
Testing intel-linux-ibeta_invab                             
